0 [main]  2020-03-30 22:43:33 bing.lab.SeleniumTest  - size:20 
1197 [main]  2020-03-30 22:43:35 bing.lab.SeleniumTest  - https://gitee.com/chenkuochih/software_test.git-->======:false 
3408 [main]  2020-03-30 22:43:37 bing.lab.SeleniumTest  - https://gitee.com/roshan0/software_test.git-->https://gitee.com/chenkuochih/software_test.git======:false 
5645 [main]  2020-03-30 22:43:39 bing.lab.SeleniumTest  - https://gitee.com/dai88X/software_test.git-->https://gitee.com/roshan0/software_test.git======:false 
7844 [main]  2020-03-30 22:43:41 bing.lab.SeleniumTest  - https://github.com/Bing-Max/SoftwareTest.git-->https://gitee.com/dai88X/software_test.git======:false 
10025 [main]  2020-03-30 22:43:43 bing.lab.SeleniumTest  - https://github.com/YumengGuo/SoftwareTesting-->https://github.com/Bing-Max/SoftwareTest.git======:false 
12223 [main]  2020-03-30 22:43:46 bing.lab.SeleniumTest  - https://github.com/howAreYouHkk/SoftwareTestingTechnology-->https://github.com/YumengGuo/SoftwareTesting======:false 
14383 [main]  2020-03-30 22:43:48 bing.lab.SeleniumTest  - https://github.com/Eternal144/Software-Testing-->https://github.com/howAreYouHkk/SoftwareTestingTechnology======:false 
16588 [main]  2020-03-30 22:43:50 bing.lab.SeleniumTest  - https://gitee.com/HangxueLiu/softwareTest.git-->https://github.com/Eternal144/Software-Testing======:false 
0 [main]  2020-03-30 22:52:28 bing.lab.SeleniumTest  - size:20 
191 [main]  2020-03-30 22:52:28 bing.lab.SeleniumTest  - https://gitee.com/chenkuochih/software_test.git-->======:false 
1379 [main]  2020-03-30 22:52:29 bing.lab.SeleniumTest  - https://gitee.com/roshan0/software_test.git-->https://gitee.com/chenkuochih/software_test.git======:false 
2563 [main]  2020-03-30 22:52:30 bing.lab.SeleniumTest  - https://gitee.com/dai88X/software_test.git-->https://gitee.com/roshan0/software_test.git======:false 
3759 [main]  2020-03-30 22:52:32 bing.lab.SeleniumTest  - https://github.com/Bing-Max/SoftwareTest.git-->https://gitee.com/dai88X/software_test.git======:false 
4930 [main]  2020-03-30 22:52:33 bing.lab.SeleniumTest  - https://github.com/YumengGuo/SoftwareTesting-->https://github.com/Bing-Max/SoftwareTest.git======:false 
6102 [main]  2020-03-30 22:52:34 bing.lab.SeleniumTest  - https://github.com/howAreYouHkk/SoftwareTestingTechnology-->https://github.com/YumengGuo/SoftwareTesting======:false 
7264 [main]  2020-03-30 22:52:35 bing.lab.SeleniumTest  - https://github.com/Eternal144/Software-Testing-->https://github.com/howAreYouHkk/SoftwareTestingTechnology======:false 
8432 [main]  2020-03-30 22:52:36 bing.lab.SeleniumTest  - https://gitee.com/HangxueLiu/softwareTest.git-->https://github.com/Eternal144/Software-Testing======:false 
9628 [main]  2020-03-30 22:52:37 bing.lab.SeleniumTest  - https://github.com/qq734628996/software-test-->https://gitee.com/HangxueLiu/softwareTest.git======:false 
10809 [main]  2020-03-30 22:52:39 bing.lab.SeleniumTest  - https://github.com/cxdzb/software-testing-technology-->https://github.com/qq734628996/software-test======:false 
11998 [main]  2020-03-30 22:52:40 bing.lab.SeleniumTest  - https://github.com/PathfinderTJU/Softwate_test_homework-->https://github.com/cxdzb/software-testing-technology======:false 
13172 [main]  2020-03-30 22:52:41 bing.lab.SeleniumTest  - https://github.com/Martin12345677/software_testing_technology-->https://github.com/PathfinderTJU/Softwate_test_homework======:false 
14351 [main]  2020-03-30 22:52:42 bing.lab.SeleniumTest  - https://gitee.com/panliming0418/softwareTestingTechnology.git-->https://github.com/Martin12345677/software_testing_technology======:false 
15517 [main]  2020-03-30 22:52:43 bing.lab.SeleniumTest  - https://gitee.com/taytaytaytaylor11/SoftwareTesting-->https://gitee.com/panliming0418/softwareTestingTechnology.git======:false 
16684 [main]  2020-03-30 22:52:45 bing.lab.SeleniumTest  - https://gitee.com/surumeng/test3017218067-->https://gitee.com/taytaytaytaylor11/SoftwareTesting======:false 
17852 [main]  2020-03-30 22:52:46 bing.lab.SeleniumTest  - https://gitee.com/Sunhanyu/SoftwareTestingTechnology.git-->https://gitee.com/surumeng/test3017218067======:false 
19056 [main]  2020-03-30 22:52:47 bing.lab.SeleniumTest  - https://github.com/HaomingSun-1895/Software-Testing-hw.git-->https://gitee.com/Sunhanyu/SoftwareTestingTechnology.git======:false 
20221 [main]  2020-03-30 22:52:48 bing.lab.SeleniumTest  - https://github.com/Taoboan1999/Taoboan1999-->https://github.com/HaomingSun-1895/Software-Testing-hw.git======:false 
21385 [main]  2020-03-30 22:52:49 bing.lab.SeleniumTest  - https://github.com/tianzhaotju/software_testing-->https://github.com/Taoboan1999/Taoboan1999======:false 
22756 [main]  2020-03-30 22:52:51 bing.lab.SeleniumTest  - https://github.com/ZhaomengWang/software_testing-->https://github.com/tianzhaotju/software_testing======:false 
0 [main]  2020-03-30 22:58:38 bing.lab.SeleniumTest  - size:20 
648 [main]  2020-03-30 22:58:39 bing.lab.SeleniumTest  - https://gitee.com/chenkuochih/software_test.git-->https://gitee.com/chenkuochih/software_test.git======:true 
2302 [main]  2020-03-30 22:58:40 bing.lab.SeleniumTest  - https://gitee.com/roshan0/software_test.git-->https://gitee.com/roshan0/software_test.git======:true 
3932 [main]  2020-03-30 22:58:42 bing.lab.SeleniumTest  - https://gitee.com/dai88X/software_test.git-->https://gitee.com/dai88X/software_test.git======:true 
5614 [main]  2020-03-30 22:58:43 bing.lab.SeleniumTest  - https://github.com/Bing-Max/SoftwareTest.git-->https://github.com/Bing-Max/SoftwareTest.git======:true 
7248 [main]  2020-03-30 22:58:45 bing.lab.SeleniumTest  - https://github.com/YumengGuo/SoftwareTesting-->https://github.com/YumengGuo/SoftwareTesting======:true 
8883 [main]  2020-03-30 22:58:47 bing.lab.SeleniumTest  - https://github.com/howAreYouHkk/SoftwareTestingTechnology-->https://github.com/howAreYouHkk/SoftwareTestingTechnology======:true 
10549 [main]  2020-03-30 22:58:48 bing.lab.SeleniumTest  - https://github.com/Eternal144/Software-Testing-->https://github.com/Eternal144/Software-Testing======:true 
12158 [main]  2020-03-30 22:58:50 bing.lab.SeleniumTest  - https://gitee.com/HangxueLiu/softwareTest.git-->https://gitee.com/HangxueLiu/softwareTest.git======:true 
13805 [main]  2020-03-30 22:58:52 bing.lab.SeleniumTest  - https://github.com/qq734628996/software-test-->https://github.com/qq734628996/software-test======:true 
15572 [main]  2020-03-30 22:58:53 bing.lab.SeleniumTest  - https://github.com/cxdzb/software-testing-technology-->https://github.com/cxdzb/software-testing-technology======:true 
17258 [main]  2020-03-30 22:58:55 bing.lab.SeleniumTest  - https://github.com/PathfinderTJU/Softwate_test_homework-->https://github.com/PathfinderTJU/Softwate_test_homework======:true 
18924 [main]  2020-03-30 22:58:57 bing.lab.SeleniumTest  - https://github.com/Martin12345677/software_testing_technology-->https://github.com/Martin12345677/software_testing_technology======:true 
20549 [main]  2020-03-30 22:58:58 bing.lab.SeleniumTest  - https://gitee.com/panliming0418/softwareTestingTechnology.git-->https://gitee.com/panliming0418/softwareTestingTechnology.git======:true 
22154 [main]  2020-03-30 22:59:00 bing.lab.SeleniumTest  - https://gitee.com/taytaytaytaylor11/SoftwareTesting-->https://gitee.com/taytaytaytaylor11/SoftwareTesting======:true 
23781 [main]  2020-03-30 22:59:02 bing.lab.SeleniumTest  - https://gitee.com/surumeng/test3017218067-->https://gitee.com/surumeng/test3017218067======:true 
25445 [main]  2020-03-30 22:59:03 bing.lab.SeleniumTest  - https://gitee.com/Sunhanyu/SoftwareTestingTechnology.git-->https://gitee.com/Sunhanyu/SoftwareTestingTechnology.git======:true 
27066 [main]  2020-03-30 22:59:05 bing.lab.SeleniumTest  - https://github.com/HaomingSun-1895/Software-Testing-hw.git-->https://github.com/HaomingSun-1895/Software-Testing-hw.git======:true 
28728 [main]  2020-03-30 22:59:07 bing.lab.SeleniumTest  - https://github.com/Taoboan1999/Taoboan1999-->https://github.com/Taoboan1999/Taoboan1999======:true 
30339 [main]  2020-03-30 22:59:08 bing.lab.SeleniumTest  - https://github.com/tianzhaotju/software_testing-->https://github.com/tianzhaotju/software_testing======:true 
31978 [main]  2020-03-30 22:59:10 bing.lab.SeleniumTest  - https://github.com/ZhaomengWang/software_testing-->https://github.com/ZhaomengWang/software_testing======:true 
0 [main]  2020-03-31 00:00:17 bing.lab.SeleniumTest  - size:20 
910 [main]  2020-03-31 00:00:18 bing.lab.SeleniumTest  - https://gitee.com/chenkuochih/software_test.git-->https://gitee.com/chenkuochih/software_test.git======:true 
2480 [main]  2020-03-31 00:00:20 bing.lab.SeleniumTest  - https://gitee.com/roshan0/software_test.git-->https://gitee.com/roshan0/software_test.git======:true 
4062 [main]  2020-03-31 00:00:22 bing.lab.SeleniumTest  - https://gitee.com/dai88X/software_test.git-->https://gitee.com/dai88X/software_test.git======:true 
5615 [main]  2020-03-31 00:00:23 bing.lab.SeleniumTest  - https://github.com/Bing-Max/SoftwareTest.git-->https://github.com/Bing-Max/SoftwareTest.git======:true 
7173 [main]  2020-03-31 00:00:25 bing.lab.SeleniumTest  - https://github.com/YumengGuo/SoftwareTesting-->https://github.com/YumengGuo/SoftwareTesting======:true 
8750 [main]  2020-03-31 00:00:26 bing.lab.SeleniumTest  - https://github.com/howAreYouHkk/SoftwareTestingTechnology-->https://github.com/howAreYouHkk/SoftwareTestingTechnology======:true 
10337 [main]  2020-03-31 00:00:28 bing.lab.SeleniumTest  - https://github.com/Eternal144/Software-Testing-->https://github.com/Eternal144/Software-Testing======:true 
11958 [main]  2020-03-31 00:00:29 bing.lab.SeleniumTest  - https://gitee.com/HangxueLiu/softwareTest.git-->https://gitee.com/HangxueLiu/softwareTest.git======:true 
13535 [main]  2020-03-31 00:00:31 bing.lab.SeleniumTest  - https://github.com/qq734628996/software-test-->https://github.com/qq734628996/software-test======:true 
15113 [main]  2020-03-31 00:00:33 bing.lab.SeleniumTest  - https://github.com/cxdzb/software-testing-technology-->https://github.com/cxdzb/software-testing-technology======:true 
16642 [main]  2020-03-31 00:00:34 bing.lab.SeleniumTest  - https://github.com/PathfinderTJU/Softwate_test_homework-->https://github.com/PathfinderTJU/Softwate_test_homework======:true 
18198 [main]  2020-03-31 00:00:36 bing.lab.SeleniumTest  - https://github.com/Martin12345677/software_testing_technology-->https://github.com/Martin12345677/software_testing_technology======:true 
19788 [main]  2020-03-31 00:00:37 bing.lab.SeleniumTest  - https://gitee.com/panliming0418/softwareTestingTechnology.git-->https://gitee.com/panliming0418/softwareTestingTechnology.git======:true 
21329 [main]  2020-03-31 00:00:39 bing.lab.SeleniumTest  - https://gitee.com/taytaytaytaylor11/SoftwareTesting-->https://gitee.com/taytaytaytaylor11/SoftwareTesting======:true 
22886 [main]  2020-03-31 00:00:40 bing.lab.SeleniumTest  - https://gitee.com/surumeng/test3017218067-->https://gitee.com/surumeng/test3017218067======:true 
24487 [main]  2020-03-31 00:00:42 bing.lab.SeleniumTest  - https://gitee.com/Sunhanyu/SoftwareTestingTechnology.git-->https://gitee.com/Sunhanyu/SoftwareTestingTechnology.git======:true 
26048 [main]  2020-03-31 00:00:43 bing.lab.SeleniumTest  - https://github.com/HaomingSun-1895/Software-Testing-hw.git-->======:false 
27621 [main]  2020-03-31 00:00:45 bing.lab.SeleniumTest  - https://github.com/Taoboan1999/Taoboan1999-->https://github.com/Taoboan1999/Taoboan1999======:true 
29202 [main]  2020-03-31 00:00:47 bing.lab.SeleniumTest  - https://github.com/tianzhaotju/software_testing-->https://github.com/tianzhaotju/software_testing======:true 
30735 [main]  2020-03-31 00:00:48 bing.lab.SeleniumTest  - https://github.com/ZhaomengWang/software_testing-->https://github.com/ZhaomengWang/software_testing======:true 
